<?xml version="1.0" encoding="UTF-8"?>
<!-- Generated by org.testng.reporters.JUnitReportReporter -->
<testsuite hostname="CTNL1940" failures="0" tests="1" name="TestScript.iFrameTest" time="9.695" errors="0" timestamp="2024-01-22T18:06:04 IST" skipped="0">
  <testcase classname="TestScript.iFrameTest" name="iFrame" time="9.695"/>
</testsuite> <!-- TestScript.iFrameTest -->
