<?xml version="1.0" encoding="UTF-8"?>
<!-- Generated by org.testng.reporters.JUnitReportReporter -->
<testsuite hostname="CTNL1614" failures="0" tests="2" name="TestScript.TestGoogle" time="9.346" errors="0" timestamp="2023-08-10T11:42:31 IST" skipped="0">
  <testcase classname="TestScript.TestGoogle" name="Test12" time="0.004"/>
  <testcase classname="TestScript.TestGoogle" name="JavaScriptTest" time="9.342"/>
</testsuite> <!-- TestScript.TestGoogle -->
