<?xml version="1.0" encoding="UTF-8"?>
<!-- Generated by org.testng.reporters.JUnitReportReporter -->
<testsuite hostname="CTNL1614" failures="0" tests="1" name="TestScript.iFrameTest" time="11.443" errors="0" timestamp="2023-08-10T11:42:31 IST" skipped="0">
  <testcase classname="TestScript.iFrameTest" name="iFrame" time="11.443"/>
</testsuite> <!-- TestScript.iFrameTest -->
