<?xml version="1.0" encoding="UTF-8"?>
<!-- Generated by org.testng.reporters.JUnitReportReporter -->
<testsuite hostname="CTNL1940" failures="0" tests="2" name="TestScript.TestGoogle" time="11.237" errors="0" timestamp="2024-01-22T18:06:04 IST" skipped="0">
  <testcase classname="TestScript.TestGoogle" name="JavaScriptTest" time="11.236"/>
  <testcase classname="TestScript.TestGoogle" name="Test12" time="0.001"/>
</testsuite> <!-- TestScript.TestGoogle -->
